[    0.000000] Initializing cgroup subsys cpuset
[    0.000000] Initializing cgroup subsys cpu
[    0.000000] Initializing cgroup subsys cpuacct
[    0.000000] Linux version 4.4.0-210-generic (buildd@lgw01-amd64-009) (gcc version 5.4.0 20160609 (Ubuntu 5.4.0-6ubuntu1~16.04.12) ) #242-Ubuntu SMP Fri Apr 16 09:57:56 UTC 2021 (Ubuntu 4.4.0-210.242-generic 4.4.262)
[    0.000000] Command line: BOOT_IMAGE=/boot/vmlinuz-4.4.0-210-generic root=LABEL=cloudimg-rootfs ro console=tty1 console=ttyS0
[    0.000000] KERNEL supported cpus:
[    0.000000]   Intel GenuineIntel
[    0.000000]   AMD AuthenticAMD
[    0.000000]   Centaur CentaurHauls
[    0.000000] x86/fpu: Legacy x87 FPU detected.
[    0.000000] e820: BIOS-provided physical RAM map:
[    0.000000] BIOS-e820: [mem 0x0000000000000000-0x000000000009fbff] usable
[    0.000000] BIOS-e820: [mem 0x000000000009fc00-0x000000000009ffff] reserved
[    0.000000] BIOS-e820: [mem 0x00000000000f0000-0x00000000000fffff] reserved
[    0.000000] BIOS-e820: [mem 0x0000000000100000-0x000000003ffeffff] usable
[    0.000000] BIOS-e820: [mem 0x000000003fff0000-0x000000003fffffff] ACPI data
[    0.000000] BIOS-e820: [mem 0x00000000fec00000-0x00000000fec00fff] reserved
[    0.000000] BIOS-e820: [mem 0x00000000fee00000-0x00000000fee00fff] reserved
[    0.000000] BIOS-e820: [mem 0x00000000fffc0000-0x00000000ffffffff] reserved
[    0.000000] NX (Execute Disable) protection: active
[    0.000000] SMBIOS 2.5 present.
[    0.000000] Hypervisor detected: KVM
[    0.000000] e820: last_pfn = 0x3fff0 max_arch_pfn = 0x400000000
[    0.000000] MTRR: Disabled
[    0.000000] x86/PAT: MTRRs disabled, skipping PAT initialization too.
[    0.000000] CPU MTRRs all blank - virtualized system.
[    0.000000] x86/PAT: Configuration [0-7]: WB  WT  UC- UC  WB  WT  UC- UC  
[    0.000000] found SMP MP-table at [mem 0x0009fff0-0x0009ffff] mapped at [ffff88000009fff0]
[    0.000000] Scanning 1 areas for low memory corruption
[    0.000000] RAMDISK: [mem 0x362dc000-0x37165fff]
[    0.000000] ACPI: Early table checksum verification disabled
[    0.000000] ACPI: RSDP 0x00000000000E0000 000024 (v02 VBOX  )
[    0.000000] ACPI: XSDT 0x000000003FFF0030 00003C (v01 VBOX   VBOXXSDT 00000001 ASL  00000061)
[    0.000000] ACPI: FACP 0x000000003FFF00F0 0000F4 (v04 VBOX   VBOXFACP 00000001 ASL  00000061)
[    0.000000] ACPI: DSDT 0x000000003FFF0470 002325 (v02 VBOX   VBOXBIOS 00000002 INTL 20100528)
[    0.000000] ACPI: FACS 0x000000003FFF0200 000040
[    0.000000] ACPI: FACS 0x000000003FFF0200 000040
[    0.000000] ACPI: APIC 0x000000003FFF0240 000054 (v02 VBOX   VBOXAPIC 00000001 ASL  00000061)
[    0.000000] ACPI: SSDT 0x000000003FFF02A0 0001CC (v01 VBOX   VBOXCPUT 00000002 INTL 20100528)
[    0.000000] No NUMA configuration found
[    0.000000] Faking a node at [mem 0x0000000000000000-0x000000003ffeffff]
[    0.000000] NODE_DATA(0) allocated [mem 0x3ffeb000-0x3ffeffff]
[    0.000000] kvm-clock: Using msrs 4b564d01 and 4b564d00
[    0.000000] kvm-clock: cpu 0, msr 0:3ffe3001, primary cpu clock
[    0.000000] kvm-clock: using sched offset of 5301500202 cycles
[    0.000000] clocksource: kvm-clock: mask: 0xffffffffffffffff max_cycles: 0x1cd42e4dffb, max_idle_ns: 881590591483 ns
[    0.000000] Zone ranges:
[    0.000000]   DMA      [mem 0x0000000000001000-0x0000000000ffffff]
[    0.000000]   DMA32    [mem 0x0000000001000000-0x000000003ffeffff]
[    0.000000]   Normal   empty
[    0.000000]   Device   empty
[    0.000000] Movable zone start for each node
[    0.000000] Early memory node ranges
[    0.000000]   node   0: [mem 0x0000000000001000-0x000000000009efff]
[    0.000000]   node   0: [mem 0x0000000000100000-0x000000003ffeffff]
[    0.000000] Initmem setup node 0 [mem 0x0000000000001000-0x000000003ffeffff]
[    0.000000] ACPI: PM-Timer IO Port: 0x4008
[    0.000000] IOAPIC[0]: apic_id 1, version 32, address 0xfec00000, GSI 0-23
[    0.000000] ACPI: INT_SRC_OVR (bus 0 bus_irq 0 global_irq 2 dfl dfl)
[    0.000000] ACPI: INT_SRC_OVR (bus 0 bus_irq 9 global_irq 9 low level)
[    0.000000] Using ACPI (MADT) for SMP configuration information
[    0.000000] smpboot: Allowing 1 CPUs, 0 hotplug CPUs
[    0.000000] PM: Registered nosave memory: [mem 0x00000000-0x00000fff]
[    0.000000] PM: Registered nosave memory: [mem 0x0009f000-0x0009ffff]
[    0.000000] PM: Registered nosave memory: [mem 0x000a0000-0x000effff]
[    0.000000] PM: Registered nosave memory: [mem 0x000f0000-0x000fffff]
[    0.000000] e820: [mem 0x40000000-0xfebfffff] available for PCI devices
[    0.000000] Booting paravirtualized kernel on KVM
[    0.000000] clocksource: refined-jiffies: mask: 0xffffffff max_cycles: 0xffffffff, max_idle_ns: 7645519600211568 ns
[    0.000000] setup_percpu: NR_CPUS:512 nr_cpumask_bits:512 nr_cpu_ids:1 nr_node_ids:1
[    0.000000] PERCPU: Embedded 33 pages/cpu @ffff88003fc00000 s95192 r8192 d31784 u2097152
[    0.000000] Built 1 zonelists in Node order, mobility grouping on.  Total pages: 257912
[    0.000000] Policy zone: DMA32
[    0.000000] Kernel command line: BOOT_IMAGE=/boot/vmlinuz-4.4.0-210-generic root=LABEL=cloudimg-rootfs ro console=tty1 console=ttyS0
[    0.000000] PID hash table entries: 4096 (order: 3, 32768 bytes)
[    0.000000] Memory: 997924K/1048120K available (8644K kernel code, 1332K rwdata, 4044K rodata, 1492K init, 1164K bss, 50196K reserved, 0K cma-reserved)
[    0.000000] SLUB: HWalign=64, Order=0-3, MinObjects=0, CPUs=1, Nodes=1
[    0.000000] Kernel/User page tables isolation: enabled
[    0.000000] Hierarchical RCU implementation.
[    0.000000] 	Build-time adjustment of leaf fanout to 64.
[    0.000000] 	RCU restricting CPUs from NR_CPUS=512 to nr_cpu_ids=1.
[    0.000000] RCU: Adjusting geometry for rcu_fanout_leaf=64, nr_cpu_ids=1
[    0.000000] NR_IRQS:33024 nr_irqs:256 16
[    0.000000] Console: colour VGA+ 80x25
[    0.000000] console [tty1] enabled
[    0.000000] console [ttyS0] enabled
[    0.000000] tsc: Detected 2496.000 MHz processor
[    1.126170] Calibrating delay loop (skipped) preset value.. 4992.00 BogoMIPS (lpj=9984000)
[    1.151248] pid_max: default: 32768 minimum: 301
[    1.160135] ACPI: Core revision 20150930
[    1.172435] ACPI: 2 ACPI AML tables successfully acquired and loaded
[    1.189093] Security Framework initialized
[    1.200436] Yama: becoming mindful.
[    1.208338] AppArmor: AppArmor initialized
[    1.219672] Dentry cache hash table entries: 131072 (order: 8, 1048576 bytes)
[    1.242978] Inode-cache hash table entries: 65536 (order: 7, 524288 bytes)
[    1.269653] Mount-cache hash table entries: 2048 (order: 2, 16384 bytes)
[    1.290768] Mountpoint-cache hash table entries: 2048 (order: 2, 16384 bytes)
[    1.316053] Initializing cgroup subsys io
[    1.333238] Initializing cgroup subsys memory
[    1.348169] Initializing cgroup subsys devices
[    1.363424] Initializing cgroup subsys freezer
[    1.373292] Initializing cgroup subsys net_cls
[    1.388314] Initializing cgroup subsys perf_event
[    1.400686] Initializing cgroup subsys net_prio
[    1.412123] Initializing cgroup subsys hugetlb
[    1.422536] Initializing cgroup subsys pids
[    1.432406] mce: CPU supports 0 MCE banks
[    1.440828] Last level iTLB entries: 4KB 64, 2MB 8, 4MB 8
[    1.455660] Last level dTLB entries: 4KB 64, 2MB 0, 4MB 0, 1GB 4
[    1.469533] Spectre V1 : Mitigation: usercopy/swapgs barriers and __user pointer sanitization
[    1.502607] Spectre V2 : Mitigation: Full generic retpoline
[    1.514387] Spectre V2 : Spectre v2 / SpectreRSB mitigation: Filling RSB on context switch
[    1.538764] Speculative Store Bypass: Vulnerable
[    1.549025] MDS: Mitigation: Clear CPU buffers
[    1.969840] Freeing SMP alternatives memory: 36K
[    2.163405] ftrace: allocating 32380 entries in 127 pages
[    3.289115] smpboot: APIC(0) Converting physical 0 to logical package 0
[    3.308461] smpboot: Max logical packages: 1
[    3.345379] ..TIMER: vector=0x30 apic1=0 pin1=2 apic2=-1 pin2=-1
[    3.465406] smpboot: CPU0: Intel(R) Core(TM) i5-6300U CPU @ 2.40GHz (family: 0x6, model: 0x4e, stepping: 0x3)
[    3.488883] Performance Events: unsupported p6 CPU model 78 no PMU driver, software events only.
[    3.672051] KVM setup paravirtual spinlock
[    3.683279] x86: Booted up 1 node, 1 CPUs
[    3.689992] smpboot: Total of 1 processors activated (4992.00 BogoMIPS)
[    3.710643] devtmpfs: initialized
[    3.720083] evm: security.selinux
[    3.727119] evm: security.SMACK64
[    3.733003] evm: security.SMACK64EXEC
[    3.739004] evm: security.SMACK64TRANSMUTE
[    3.747872] evm: security.SMACK64MMAP
[    3.753901] evm: security.ima
[    3.759402] evm: security.capability
[    3.766550] clocksource: jiffies: mask: 0xffffffff max_cycles: 0xffffffff, max_idle_ns: 7645041785100000 ns
[    3.783899] futex hash table entries: 256 (order: 2, 16384 bytes)
[    3.794335] pinctrl core: initialized pinctrl subsystem
[    3.803430] RTC time: 14:49:40, date: 11/05/22
[    3.812676] NET: Registered protocol family 16
[    3.820768] cpuidle: using governor ladder
[    3.828042] cpuidle: using governor menu
[    3.834892] PCCT header not found.
[    3.840155] ACPI: bus type PCI registered
[    3.848193] acpiphp: ACPI Hot Plug PCI Controller Driver version: 0.5
[    3.859349] PCI: Using configuration type 1 for base access
[    3.873889] ACPI: Added _OSI(Module Device)
[    3.881994] ACPI: Added _OSI(Processor Device)
[    3.889381] ACPI: Added _OSI(3.0 _SCP Extensions)
[    3.898289] ACPI: Added _OSI(Processor Aggregator Device)
[    3.908812] ACPI: Executed 1 blocks of module-level executable AML code
[    3.927272] ACPI: Interpreter enabled
[    3.934070] ACPI: (supports S0 S5)
[    3.939264] ACPI: Using IOAPIC for interrupt routing
[    3.949684] PCI: Using host bridge windows from ACPI; if necessary, use "pci=nocrs" and report a bug
[    3.976987] ACPI: PCI Root Bridge [PCI0] (domain 0000 [bus 00-ff])
[    3.987007] acpi PNP0A03:00: _OSC: OS supports [ASPM ClockPM Segments MSI]
[    4.000121] acpi PNP0A03:00: _OSC: not requesting OS control; OS requires [ExtendedConfig ASPM ClockPM MSI]
[    4.017578] acpi PNP0A03:00: fail to add MMCONFIG information, can't access extended PCI configuration space under this bridge.
[    4.038959] PCI host bridge to bus 0000:00
[    4.050156] pci_bus 0000:00: root bus resource [io  0x0000-0x0cf7 window]
[    4.064750] pci_bus 0000:00: root bus resource [io  0x0d00-0xffff window]
[    4.078544] pci_bus 0000:00: root bus resource [mem 0x000a0000-0x000bffff window]
[    4.093568] pci_bus 0000:00: root bus resource [mem 0x40000000-0xfdffffff window]
[    4.107370] pci_bus 0000:00: root bus resource [bus 00-ff]
[    4.131861] pci 0000:00:01.1: legacy IDE quirk: reg 0x10: [io  0x01f0-0x01f7]
[    4.144107] pci 0000:00:01.1: legacy IDE quirk: reg 0x14: [io  0x03f6]
[    4.154975] pci 0000:00:01.1: legacy IDE quirk: reg 0x18: [io  0x0170-0x0177]
[    4.167562] pci 0000:00:01.1: legacy IDE quirk: reg 0x1c: [io  0x0376]
[    4.214589] pci 0000:00:07.0: quirk: [io  0x4000-0x403f] claimed by PIIX4 ACPI
[    4.226083] pci 0000:00:07.0: quirk: [io  0x4100-0x410f] claimed by PIIX4 SMB
[    4.255856] ACPI: PCI Interrupt Link [LNKA] (IRQs 5 9 10 *11)
[    4.270040] ACPI: PCI Interrupt Link [LNKB] (IRQs 5 9 *10 11)
[    4.284614] ACPI: PCI Interrupt Link [LNKC] (IRQs 5 *9 10 11)
[    4.299820] ACPI: PCI Interrupt Link [LNKD] (IRQs 5 9 10 *11)
[    4.313790] ACPI: Enabled 2 GPEs in block 00 to 07
[    4.322206] vgaarb: setting as boot device: PCI:0000:00:02.0
[    4.332430] vgaarb: device added: PCI:0000:00:02.0,decodes=io+mem,owns=io+mem,locks=none
[    4.381463] vgaarb: loaded
[    4.386300] vgaarb: bridge control possible 0000:00:02.0
[    4.396930] SCSI subsystem initialized
[    4.404019] ACPI: bus type USB registered
[    4.411584] usbcore: registered new interface driver usbfs
[    4.421271] usbcore: registered new interface driver hub
[    4.431262] usbcore: registered new device driver usb
[    4.439953] PCI: Using ACPI for IRQ routing
[    4.449754] NetLabel: Initializing
[    4.455031] NetLabel:  domain hash size = 128
[    4.462756] NetLabel:  protocols = UNLABELED CIPSOv4
[    4.470723] NetLabel:  unlabeled traffic allowed by default
[    4.481388] amd_nb: Cannot enumerate AMD northbridges
[    4.490801] clocksource: Switched to clocksource kvm-clock
[    4.564051] AppArmor: AppArmor Filesystem Enabled
[    4.573697] pnp: PnP ACPI init
[    4.583177] pnp: PnP ACPI: found 3 devices
[    4.600590] clocksource: acpi_pm: mask: 0xffffff max_cycles: 0xffffff, max_idle_ns: 2085701024 ns
[    4.615635] NET: Registered protocol family 2
[    4.622888] TCP established hash table entries: 8192 (order: 4, 65536 bytes)
[    4.636965] TCP bind hash table entries: 8192 (order: 5, 131072 bytes)
[    4.649102] TCP: Hash tables configured (established 8192 bind 8192)
[    4.660953] UDP hash table entries: 512 (order: 2, 16384 bytes)
[    4.670971] UDP-Lite hash table entries: 512 (order: 2, 16384 bytes)
[    4.686870] NET: Registered protocol family 1
[    4.694749] pci 0000:00:00.0: Limiting direct PCI/PCI transfers
[    4.707147] pci 0000:00:01.0: Activating ISA DMA hang workarounds
[    4.718433] Unpacking initramfs...
[    5.387272] Freeing initrd memory: 14888K
[    5.395119] clocksource: tsc: mask: 0xffffffffffffffff max_cycles: 0x23fa772cf26, max_idle_ns: 440795269835 ns
[    5.412015] platform rtc_cmos: registered platform RTC device (no PNP device found)
[    5.424047] Scanning for low memory corruption every 60 seconds
[    5.438225] audit: initializing netlink subsys (disabled)
[    5.448037] audit: type=2000 audit(1667659785.256:1): initialized
[    5.458988] Initialise system trusted keyring
[    5.467327] HugeTLB registered 2 MB page size, pre-allocated 0 pages
[    5.483080] zbud: loaded
[    5.488002] VFS: Disk quotas dquot_6.6.0
[    5.495372] VFS: Dquot-cache hash table entries: 512 (order 0, 4096 bytes)
[    5.507359] squashfs: version 4.0 (2009/01/31) Phillip Lougher
[    5.519189] fuse init (API version 7.23)
[    5.527376] Key type big_key registered
[    5.535093] Allocating IMA MOK and blacklist keyrings.
[    5.549059] Key type asymmetric registered
[    5.558566] Asymmetric key parser 'x509' registered
[    5.566999] Block layer SCSI generic (bsg) driver version 0.4 loaded (major 249)
[    5.580411] io scheduler noop registered
[    5.587078] io scheduler deadline registered (default)
[    5.596224] io scheduler cfq registered
[    5.603983] pci_hotplug: PCI Hot Plug PCI Core version: 0.5
[    5.613867] pciehp: PCI Express Hot Plug Controller Driver version: 0.4
[    5.625624] ACPI: AC Adapter [AC] (off-line)
[    5.633633] input: Power Button as /devices/LNXSYSTM:00/LNXPWRBN:00/input/input0
[    5.649881] ACPI: Power Button [PWRF]
[    5.655863] input: Sleep Button as /devices/LNXSYSTM:00/LNXSLPBN:00/input/input1
[    5.669012] ACPI: Sleep Button [SLPF]
[    5.679758] ACPI: Battery Slot [BAT0] (battery present)
[    5.689280] GHES: HEST is not enabled!
[    5.697455] Serial: 8250/16550 driver, 32 ports, IRQ sharing enabled
[    5.751297] 00:02: ttyS0 at I/O 0x3f8 (irq = 4, base_baud = 115200) is a 16550A
[    5.765787] Linux agpgart interface v0.103
[    5.781430] loop: module loaded
[    5.790455] scsi host0: ata_piix
[    5.797408] scsi host1: ata_piix
[    5.803146] ata1: PATA max UDMA/33 cmd 0x1f0 ctl 0x3f6 bmdma 0xd000 irq 14
[    5.814538] ata2: PATA max UDMA/33 cmd 0x170 ctl 0x376 bmdma 0xd008 irq 15
[    5.828616] libphy: Fixed MDIO Bus: probed
[    5.835994] tun: Universal TUN/TAP device driver, 1.6
[    5.846131] tun: (C) 1999-2004 Max Krasnyansky <maxk@qualcomm.com>
[    5.858464] PPP generic driver version 2.4.2
[    5.866684] ehci_hcd: USB 2.0 'Enhanced' Host Controller (EHCI) Driver
[    5.878403] ehci-pci: EHCI PCI platform driver
[    5.886092] ehci-platform: EHCI generic platform driver
[    5.894672] ohci_hcd: USB 1.1 'Open' Host Controller (OHCI) Driver
[    5.905061] ohci-pci: OHCI PCI platform driver
[    5.913926] ohci-platform: OHCI generic platform driver
[    5.923010] uhci_hcd: USB Universal Host Controller Interface driver
[    5.934012] i8042: PNP: PS/2 Controller [PNP0303:PS2K,PNP0f03:PS2M] at 0x60,0x64 irq 1,12
[    5.954754] serio: i8042 KBD port at 0x60,0x64 irq 1
[    5.964044] serio: i8042 AUX port at 0x60,0x64 irq 12
[    5.971899] mousedev: PS/2 mouse device common for all mice
[    6.072174] input: AT Translated Set 2 keyboard as /devices/platform/i8042/serio0/input/input2
[    6.088741] rtc_cmos rtc_cmos: rtc core: registered rtc_cmos as rtc0
[    6.101205] rtc_cmos rtc_cmos: alarms up to one day, 114 bytes nvram
[    6.113221] i2c /dev entries driver
[    6.119790] device-mapper: uevent: version 1.0.3
[    6.127995] device-mapper: ioctl: 4.34.0-ioctl (2015-10-28) initialised: dm-devel@redhat.com
[    6.142786] ledtrig-cpu: registered to indicate activity on CPUs
[    6.153162] NET: Registered protocol family 10
[    6.161384] NET: Registered protocol family 17
[    6.169576] Key type dns_resolver registered
[    6.177688] registered taskstats version 1
[    6.185681] Loading compiled-in X.509 certificates
[    6.195155] Loaded X.509 cert 'Build time autogenerated kernel key: cf00e047681d67edb2720680708b7d9498083038'
[    6.211806] zswap: loaded using pool lzo/zbud
[    6.222222] Key type trusted registered
[    6.235735] Key type encrypted registered
[    6.243127] AppArmor: AppArmor sha1 policy hashing enabled
[    6.252501] ima: No TPM chip found, activating TPM-bypass!
[    6.263312] ima: Allocated hash algorithm: sha1
[    6.271710] evm: HMAC attrs: 0x1
[    6.279312]   Magic number: 14:677:838
[    6.288404] rtc_cmos rtc_cmos: setting system clock to 2022-11-05 14:49:42 UTC (1667659782)
[    6.310529] BIOS EDD facility v0.16 2004-Jun-25, 0 devices found
[    6.327810] EDD information not available.
[    6.340534] Freeing unused kernel memory: 1492K
[    6.351604] Write protecting the kernel read-only data: 14336k
[    6.363136] Freeing unused kernel memory: 1584K
[    6.373613] Freeing unused kernel memory: 52K
Loading, please wait...
starting version 229
[    6.426857] random: udevadm: uninitialized urandom read (16 bytes read, 5 bits of entropy available)
[    6.445728] random: systemd-udevd: uninitialized urandom read (16 bytes read, 5 bits of entropy available)
[    6.463592] random: systemd-udevd: uninitialized urandom read (16 bytes read, 5 bits of entropy available)
[    6.479318] random: udevadm: uninitialized urandom read (16 bytes read, 5 bits of entropy available)
[    6.494394] random: systemd-udevd: uninitialized urandom read (16 bytes read, 5 bits of entropy available)
[    6.523185] random: systemd-udevd: uninitialized urandom read (16 bytes read, 5 bits of entropy available)
[    6.548606] random: udevadm: uninitialized urandom read (16 bytes read, 5 bits of entropy available)
[    6.570238] random: systemd-udevd: uninitialized urandom read (16 bytes read, 5 bits of entropy available)
[    6.586762] random: udevadm: uninitialized urandom read (16 bytes read, 5 bits of entropy available)
[    6.602076] random: systemd-udevd: uninitialized urandom read (16 bytes read, 5 bits of entropy available)
[    6.742054] Fusion MPT base driver 3.04.20
[    6.749376] Copyright (c) 1999-2008 LSI Corporation
[    6.789189] e1000: Intel(R) PRO/1000 Network Driver - version 7.3.21-k8-NAPI
[    6.800528] e1000: Copyright (c) 1999-2006 Intel Corporation.
[    6.895712] Fusion MPT SPI Host driver 3.04.20
[    7.144080] input: ImExPS/2 Generic Explorer Mouse as /devices/platform/i8042/serio1/input/input4
[    7.987966] e1000 0000:00:03.0 eth0: (PCI:33MHz:32-bit) 02:be:82:6b:cc:1d
[    8.000905] e1000 0000:00:03.0 eth0: Intel(R) PRO/1000 Network Connection
[    8.015589] mptbase: ioc0: Initiating bringup
[    8.095759] ioc0: LSI53C1030 A0: Capabilities={Initiator}
[    8.292199] scsi host2: ioc0: LSI53C1030 A0, FwRev=00000000h, Ports=1, MaxQ=256, IRQ=20
[    8.423813] scsi 2:0:0:0: Direct-Access     VBOX     HARDDISK         1.0  PQ: 0 ANSI: 5
[    8.439216] scsi target2:0:0: Beginning Domain Validation
[    8.463411] scsi target2:0:0: Domain Validation skipping write tests
[    8.475990] scsi target2:0:0: Ending Domain Validation
[    8.510435] scsi target2:0:0: asynchronous
[    8.533855] scsi 2:0:1:0: Direct-Access     VBOX     HARDDISK         1.0  PQ: 0 ANSI: 5
[    8.562214] scsi target2:0:1: Beginning Domain Validation
[    8.628587] scsi target2:0:1: Domain Validation skipping write tests
[    8.644141] scsi target2:0:1: Ending Domain Validation
[    8.684469] scsi target2:0:1: asynchronous
[    8.866082] sd 2:0:0:0: [sda] 83886080 512-byte logical blocks: (42.9 GB/40.0 GiB)
[    8.878359] sd 2:0:0:0: Attached scsi generic sg0 type 0
[    8.888501] sd 2:0:1:0: [sdb] 20480 512-byte logical blocks: (10.5 MB/10.0 MiB)
[    8.901550] sd 2:0:1:0: Attached scsi generic sg1 type 0
[    8.927483] sd 2:0:0:0: [sda] Write Protect is off
[    8.937175] sd 2:0:1:0: [sdb] Write Protect is off
[    8.959109] sd 2:0:0:0: [sda] Incomplete mode parameter data
[    8.969024] sd 2:0:0:0: [sda] Assuming drive cache: write through
[    8.979687] sd 2:0:1:0: [sdb] Incomplete mode parameter data
[    8.990005] sd 2:0:1:0: [sdb] Assuming drive cache: write through
[    9.035165]  sda: sda1
[    9.066590] sd 2:0:1:0: [sdb] Attached SCSI disk
[    9.078258] sd 2:0:0:0: [sda] Attached SCSI disk
[    9.774218] e1000 0000:00:08.0 eth1: (PCI:33MHz:32-bit) 08:00:27:52:fa:ca
[    9.790065] e1000 0000:00:08.0 eth1: Intel(R) PRO/1000 Network Connection
[    9.807049] e1000 0000:00:08.0 enp0s8: renamed from eth1
[    9.822599] e1000 0000:00:03.0 enp0s3: renamed from eth0
Begin: Loading essential drivers ... [   11.860181] md: linear personality registered for level -1
[   11.877357] md: multipath personality registered for level -4
[   11.893386] md: raid0 personality registered for level 0
[   11.916374] md: raid1 personality registered for level 1
[   12.003413] raid6: sse2x1   gen()  5568 MB/s
[   12.079900] raid6: sse2x1   xor()  3625 MB/s
[   12.175274] raid6: sse2x2   gen()  8503 MB/s
[   12.260921] raid6: sse2x2   xor()  5846 MB/s
[   12.335095] raid6: sse2x4   gen()  9726 MB/s
[   12.422861] raid6: sse2x4   xor()  6482 MB/s
[   12.430860] raid6: using algorithm sse2x4 gen() 9726 MB/s
[   12.442910] raid6: .... xor() 6482 MB/s, rmw enabled
[   12.453745] raid6: using ssse3x2 recovery algorithm
[   12.466407] xor: measuring software checksum speed
[   12.582943]    prefetch64-sse: 33066.000 MB/sec
[   12.699333]    generic_sse: 31727.000 MB/sec
[   12.708314] xor: using function: prefetch64-sse (33066.000 MB/sec)
[   12.722096] async_tx: api initialized (async)
[   12.787773] md: raid6 personality registered for level 6
[   12.797601] md: raid5 personality registered for level 5
[   12.808239] md: raid4 personality registered for level 4
[   12.843324] md: raid10 personality registered for level 10
done.
Begin: Running /scripts/init-premount ... done.
Begin: Mounting root file system ... Begin: Running /scripts/local-top ... done.
Begin: Running /scripts/local-premount ... [   13.009186] Btrfs loaded
Scanning for Btrfs filesystems
done.
Warning: fsck not present, so skipping root file system
[   13.124790] EXT4-fs (sda1): mounted filesystem with ordered data mode. Opts: (null)
done.
Begin: Running /scripts/local-bottom ... done.
Begin: Running /scripts/init-bottom ... done.
[   13.449082] systemd[1]: systemd 229 running in system mode. (+PAM +AUDIT +SELINUX +IMA +APPARMOR +SMACK +SYSVINIT +UTMP +LIBCRYPTSETUP +GCRYPT +GNUTLS +ACL +XZ -LZ4 +SECCOMP +BLKID +ELFUTILS +KMOD -IDN)
[   13.477972] systemd[1]: Detected virtualization oracle.
[   13.487231] systemd[1]: Detected architecture x86-64.

Welcome to [1mUbuntu 16.04.7 LTS[0m!

[   13.516593] systemd[1]: Set hostname to <ubuntu>.
[   13.536256] systemd[1]: Initializing machine ID from random generator.
[   13.547783] systemd[1]: Installed transient /etc/machine-id file.
[   13.995864] systemd[1]: Started Forward Password Requests to Wall Directory Watch.
[[0;32m  OK  [0m] Started Forward Password Requests to Wall Directory Watch.
[   14.021386] systemd[1]: Created slice User and Session Slice.
[[0;32m  OK  [0m] Created slice User and Session Slice.
[   14.042826] systemd[1]: Listening on fsck to fsckd communication Socket.
[[0;32m  OK  [0m] Listening on fsck to fsckd communication Socket.
[   14.064845] systemd[1]: Listening on LVM2 metadata daemon socket.
[[0;32m  OK  [0m] Listening on LVM2 metadata daemon socket.
[   14.086415] systemd[1]: Listening on udev Kernel Socket.
[[0;32m  OK  [0m] Listening on udev Kernel Socket.
[   14.105180] systemd[1]: Listening on Device-mapper event daemon FIFOs.
[[0;32m  OK  [0m] Listening on Device-mapper event daemon FIFOs.
[   14.129066] systemd[1]: Listening on udev Control Socket.
[[0;32m  OK  [0m] Listening on udev Control Socket.
[   14.150062] systemd[1]: Set up automount Arbitrary Executable File Formats File System Automount Point.
[[0;32m  OK  [0m] Set up automount Arbitrary Executab...ats File System Automount Point.
[   14.180118] systemd[1]: Listening on Journal Audit Socket.
[[0;32m  OK  [0m] Listening on Journal Audit Socket.
[   14.201853] systemd[1]: Listening on /dev/initctl Compatibility Named Pipe.
[[0;32m  OK  [0m] Listening on /dev/initctl Compatibility Named Pipe.
[   14.228047] systemd[1]: Listening on LVM2 poll daemon socket.
[[0;32m  OK  [0m] Listening on LVM2 poll daemon socket.
[   14.248210] systemd[1]: Reached target Swap.
[[0;32m  OK  [0m] Reached target Swap.
[   14.265747] systemd[1]: Listening on Syslog Socket.
[[0;32m  OK  [0m] Listening on Syslog Socket.
[   14.283935] systemd[1]: Reached target Encrypted Volumes.
[[0;32m  OK  [0m] Reached target Encrypted Volumes.
[   14.305899] systemd[1]: Reached target User and Group Name Lookups.
[[0;32m  OK  [0m] Reached target User and Group Name Lookups.
[   14.335134] systemd[1]: Started Trigger resolvconf update for networkd DNS.
[[0;32m  OK  [0m] Started Trigger resolvconf update for networkd DNS.
[   14.365460] systemd[1]: Reached target System Time Synchronized.
[[0;32m  OK  [0m] Reached target System Time Synchronized.
[   14.390936] systemd[1]: Listening on Journal Socket.
[[0;32m  OK  [0m] Listening on Journal Socket.
[   14.410271] systemd[1]: Created slice System Slice.
[[0;32m  OK  [0m] Created slice System Slice.
[   14.431159] systemd[1]: Mounting Debug File System...
         Mounting Debug File System...
[   14.457075] systemd[1]: Created slice system-serial\x2dgetty.slice.
[[0;32m  OK  [0m] Created slice system-serial\x2dgetty.slice.
[   14.482129] systemd[1]: Reached target Slices.
[[0;32m  OK  [0m] Reached target Slices.
[   14.500534] systemd[1]: Starting File System Check on Root Device...
         Starting File System Check on Root Device...
[   14.541419] systemd[1]: Starting Set console keymap...
[   14.552895] random: nonblocking pool is initialized
         Starting Set console keymap...
[   14.588837] systemd[1]: Starting Create list of required static device nodes for the current kernel...
         Starting Create list of required st... nodes for the current kernel...
[   14.635812] systemd[1]: Starting Nameserver information manager...
         Starting Nameserver information manager...
[   14.689277] systemd[1]: Starting Load Kernel Modules...
         Starting Load Kernel Modules...
[   14.730879] systemd[1]: Mounting POSIX Message Queue File System...
         Mounting POSIX Message Queue File System...
[   14.776413] systemd[1]: Starting Uncomplicated firewall...
         Starting Uncomplicated firewall...
[   14.830160] systemd[1]: Starting Monitoring of LVM2 mirrors, snapshots etc. using dmeventd or progress polling...
[   14.847891] Loading iSCSI transport class v2.0-870.
         Starting Monitoring of LVM2 mirrors... dmeventd or progress polling...
[   14.889314] systemd[1]: Mounting Huge Pages File System...
[   14.901224] iscsi: registered transport (tcp)
         Mounting Huge Pages File System...
[   14.931978] systemd[1]: Listening on Journal Socket (/dev/log).
[[0;32m  OK  [0m] Listening on Journal Socket (/dev/log).
[   14.970902] systemd[1]: Starting Journal Service...
         Starting Journal Service...
[   15.009494] systemd[1]: Mounted Huge Pages File System.
[[0;32m  OK  [0m] Mounted Huge Pages File System.
[   15.058993] systemd[1]: Mounted POSIX Message Queue File System.
[[0;32m  OK  [0m] Mounted POSIX Message Queue File System.
[   15.096620] systemd[1]: Mounted Debug File System.
[[0;32m  OK  [0m] Mounted Debug File System.
[   15.125672] systemd[1]: Started Journal Service.
[   15.138634] iscsi: registered transport (iser)
[[0;32m  OK  [0m] Started Journal Service.
[[0;32m  OK  [0m] Started File System Check on Root Device.
[[0;32m  OK  [0m] Started Set console keymap.
[[0;32m  OK  [0m] Started Create list of required sta...ce nodes for the current kernel.
[[0;32m  OK  [0m] Started Load Kernel Modules.
[[0;32m  OK  [0m] Started Uncomplicated firewall.
[[0;32m  OK  [0m] Started Nameserver information manager.
[[0;32m  OK  [0m] Started File System Check Daemon to report status.
[[0;32m  OK  [0m] Started LVM2 metadata daemon.
         Mounting FUSE Control File System...
         Starting Apply Kernel Variables...
         Starting Create Static Device Nodes in /dev...
         Starting Remount Root and Kernel File Systems...
[[0;32m  OK  [0m] Mounted FUSE Control File System.
[[0;32m  OK  [0m] Started Apply Kernel Variables.
[[0;32m  OK  [0m] Started Create Static Device Nodes in /dev.
[[0;32m  OK  [0m] Started Remount Root and Kernel File Systems.
         Starting Flush Journal to Persistent Storage...
         Starting udev Coldplug all Devices...
         Starting Load/Save Random Seed...
         Starting udev Kernel Device Manager...
[[0;32m  OK  [0m] Started Load/Save Random Seed.
[[0;32m  OK  [0m] Started Flush Journal to Persistent Storage.
[[0;32m  OK  [0m] Started Monitoring of LVM2 mirrors,...ng dmeventd or progress polling.
[[0;32m  OK  [0m] Reached target Local File Systems (Pre).
[[0;32m  OK  [0m] Reached target Local File Systems.
         Starting Create Volatile Files and Directories...
         Starting Initial cloud-init job (pre-networking)...
         Starting Tell Plymouth To Write Out Runtime Data...
         Starting Commit a transient machine-id on disk...
         Starting LSB: AppArmor initialization...
         Starting Set console font and keymap...
[[0;32m  OK  [0m] Started udev Kernel Device Manager.
[[0;32m  OK  [0m] Started Create Volatile Files and Directories.
[[0;32m  OK  [0m] Started Tell Plymouth To Write Out Runtime Data.
[[0;32m  OK  [0m] Started Commit a transient machine-id on disk.
         Starting Update UTMP about System Boot/Shutdown...
[[0;32m  OK  [0m] Started udev Coldplug all Devices.
[[0;32m  OK  [0m] Started Dispatch Password Requests to Console Directory Watch.
[[0;32m  OK  [0m] Started Update UTMP about System Boot/Shutdown.
[[0;32m  OK  [0m] Found device /dev/ttyS0.
[[0;32m  OK  [0m] Listening on Load/Save RF Kill Switch Status /dev/rfkill Watch.
[   18.777027] [[0;32m  OK  [0m] Started LSB: AppArmor initialization.
cloud-init[472]: Cloud-init v. 21.1-19-gbad84ad4-0ubuntu1~16.04.2 running 'init-local' at Sat, 05 Nov 2022 14:49:56 +0000. Up 17.42 seconds.
         Starting Load AppArmor profiles managed internally by snapd...
[[0;32m  OK  [0m] Started Initial cloud-init job (pre-networking).
[[0;32m  OK  [0m] Started Load AppArmor profiles managed internally by snapd.
[[0;32m  OK  [0m] Reached target Network (Pre).
         Starting Raise network interfaces...
[[0;32m  OK  [0m] Started Set console font and keymap.
[[0;32m  OK  [0m] Created slice system-getty.slice.
[[0;32m  OK  [0m] Started Raise network interfaces.
         Starting Initial cloud-init job (metadata service crawler)...
[[0;32m  OK  [0m] Reached target Network.
[   22.783527] cloud-init[950]: Cloud-init v. 21.1-19-gbad84ad4-0ubuntu1~16.04.2 running 'init' at Sat, 05 Nov 2022 14:50:00 +0000. Up 21.75 seconds.
[   22.838107] cloud-init[950]: ci-info: ++++++++++++++++++++++++++++++++++++++Net device info+++++++++++++++++++++++++++++++++++++++
[   22.876912] cloud-init[950]: ci-info: +--------+-------+----------------------------+---------------+--------+-------------------+
[   22.911279] cloud-init[950]: ci-info: | Device |   Up  |          Address           |      Mask     | Scope  |     Hw-Address    |
[   22.964481] cloud-init[950]: ci-info: +--------+-------+----------------------------+---------------+--------+-------------------+
[[0;32m  OK  [0m] [   22.994250] Started Initial cloud-init job (metadata service crawler).cloud-init[950]: 
[[0;32m  OK  [0mci-info: | enp0s3 |  True |         10.0.2.15          | 255.255.255.0 | global | 02:be:82:6b:cc:1d |] Reached target Cloud-config availability.
[   23.030286] cloud-init
[[950]: ci-info: | enp0s3 |  True | fe80::be:82ff:fe6b:cc1d/64 |       .       |  link  | 02:be:82:6b:cc:1d |[0;32m  OK  [0m] Reached target System Initialization.
[   23.059155] 
[[0;32m  OK  [0mcloud-init[950]: ] Listening on D-Bus System Message Bus Socket.ci-info: | enp0s8 | False |             .              |       .       |   .    | 08:00:27:52:fa:ca |
[
[0;32m  OK  [0m] Listening on ACPID Listen Socket.[   23.094329] cloud-init[950]: ci-info: |   lo   |  True |         127.0.0.1          |   255.0.0.0   |  host  |         .         |
[[0;32m  OK  [0m] Started Daily Cleanup of Temporary Directories.
[   23.116366] cloud-init
[950]: ci-info: |   lo   |  True |          ::1/128           |       .       |  host  |         .         |         Starting LXD - unix socket.
[   23.140499] cloud-init[950]: 
         Starting Socket activation for snappy daemon.ci-info: +--------+-------+----------------------------+---------------+--------+-------------------+
[[0;32m  OK  [0m] Listening on UUID daemon activation socket.
[   23.168914] cloud-init
[950]: ci-info: +++++++++++++++++++++++++++Route IPv4 info++++++++++++++++++++++++++++[[0;32m  OK  [0m
[   23.191975] ] Started ACPI Events Check.
[cloud-init[0;32m  OK  [0m] Reached target Paths.[950]: ci-info: +-------+-------------+----------+---------------+-----------+-------+
[
[   23.222797] [0;32m  OK  [0m] Started Daily apt download activities.cloud-init[950]: ci-info: | Route | Destination | Gateway  |    Genmask    | Interface | Flags |
[[0;32m  OK  [0m] 
[   23.245792] cloud-initStarted Daily apt upgrade and clean activities.[950]: ci-info: +-------+-------------+----------+---------------+-----------+-------+
[[0;32m  OK  [0m] Started Message of the Day.

[   23.271719] [[0;32m  OK  [0m] Started Ubuntu Advantage update messaging.
cloud-init[[0;32m  OK  [0m] [950]: ci-info: |   0   |   0.0.0.0   | 10.0.2.2 |    0.0.0.0    |   enp0s3  |   UG  |Reached target Timers.

[[0;32m  OK  [0m] Reached target Network is Online.[   23.313288] cloud-init[950]: 
ci-info: |   1   |   10.0.2.0  | 0.0.0.0  | 255.255.255.0 |   enp0s3  |   U   |         Starting iSCSI initiator daemon (iscsid)...

[[   23.358505] [0;32m  OK  [0m] Listening on LXD - unix socket.cloud-init
[[0;32m  OK  [0m[950]: ci-info: +-------+-------------+----------+---------------+-----------+-------+] Listening on Socket activation for snappy daemon.

[[0;32m  OK  [0m] [   23.402007] Reached target Sockets.
[[0;32m  OK  [0mcloud-init[950]: ci-info: +++++++++++++++++++Route IPv6 info+++++++++++++++++++] Reached target Basic System.
         
[   23.430241] cloud-initStarting LSB: Record successful boot for GRUB...[950]: ci-info: +-------+-------------+---------+-----------+-------+
         Starting /etc/rc.local Compatibility...
[   23.463588] cloud-init
[[0;32m  OK  [0m] Started FUSE filesystem for LXC.[950]: 
[[0;32m  OK  [0m] ci-info: | Route | Destination | Gateway | Interface | Flags |Started Deferred execution scheduler.
         Starting Virtualbox guest utils...
         Starting Accounts Service...
         Starting System Logging Service...

         Starting Login Service...
[[0;32m  OK  [0m] Started Regular background program processing daemon.
         [   23.673071] cloud-initStarting LSB: MD monitoring daemon...
[[0;32m  OK  [0m] Started D-Bus System Message Bus.
[950]: ci-info: +-------+-------------+---------+-----------+-------+
[   23.786304] cloud-init[950]: ci-info: |   0   |  fe80::/64  |    ::   |   enp0s3  |   U   |
[[0;32m  OK  [0m] Started ACPI event daemon.[   23.838491] 
cloud-init[950]: ci-info: |   3   |   ff00::/8  |    ::   |   enp0s3  |   U   |
         [   23.910772] Starting Snap Daemon...
         Starting Pollinate to seed the pseudo random number generator...cloud-init
         [950]: Starting LXD - container startup/shutdown...
ci-info: +-------+-------------+---------+-----------+-------+[[0;32m  OK  [0m] Started System Logging Service.
[[0;32m  OK  [0m] Started /etc/rc.local Compatibility.

[[0;32m  OK  [0m] Started iSCSI initiator daemon (iscsid).
[   24.098118] cloud-init[950]: Generating public/private rsa key pair.         Starting Login to default iSCSI targets...
[[0;32m  OK  [0m] Started Login Service.
[[0;32m  OK  [0m] Started Unattended Upgrades Shutdown.

         [   24.357156] Starting Authenticate and Authorize Users to Run Privileged Tasks...
[[0;32m  OK  [0m] cloud-initStarted LSB: Record successful boot for GRUB.
[[950]: [0;32m  OK  [0m] Started Login to default iSCSI targets.
[[0;32m  OK  [0m] Reached target Remote File Systems (Pre).
[[0;32m  OK  [0m] Your identification has been saved in /etc/ssh/ssh_host_rsa_key.Reached target Remote File Systems.
         Starting LSB: Set the CPU Frequency Scaling governor to "ondemand"...
         Starting LSB: daemon to balance interrupts for SMP systems...
         Starting LSB: automatic crash report generation...
         Starting Permit User Sessions...
[[0;32m  OK  [0m] Started LSB: MD monitoring daemon.
[[0;32m  OK  [0m] Started Permit User Sessions.
         Starting Hold until boot process finishes up...
         Starting Terminate Plymouth Boot Screen...
[[0;32m  OK  [0m
] Started Hold until boot process finishes up.
[[0;32m  OK  [0m] Started Terminate Plymouth Boot Screen.[   24.733035] 
[[0;32m  OK  [0m] Started Serial Getty on ttyS0.
         Starting Set console scheme...
[[0;32m  OK  [0m] Started Getty on tty1.
[[0;32m  OK  [0m] Reached target Login Prompts.
[[0;32m  OK  [0m] Started Set console scheme.cloud-init[950]: 
Your public key has been saved in /etc/ssh/ssh_host_rsa_key.pub.[[0;32m  OK  [0m] Started Authenticate and Authorize Users to Run Privileged Tasks.
[
[0;32m  OK  [0m] Started Accounts Service.
[[0;32m  OK  [0m] Started LSB: Set the CPU Frequency Scaling governor to "ondemand".[   25.026071] cloud-init
[950]: The key fingerprint is:
[   25.118917] cloud-init[[0;32m  OK  [0m] Started LSB: daemon to balance interrupts for SMP systems.
[950]: SHA256:4w5Ypq1swv5EFUX0zBT+CvKBFLb9w/ZHF1zouLOMKSk root@ubuntu-xenial
[   25.309548] cloud-init[950]: [[0;32m  OK  [0mThe key's randomart image is:] Started LSB: automatic crash report generation.

[   25.457178] cloud-init[950]: +---[RSA 2048]----+
[[0;32m  OK  [0m] Started LXD - container startup/shutdown.
[   25.579127] cloud-init[950]: |      +++ o.   ..|
[   25.682929] cloud-init[950]: |     . = *    o .|
[   25.777139] cloud-init[950]: |      + . =  o o |
[[0;32m  OK  [0m] Started Virtualbox guest utils.
[   25.862634] cloud-init[950]: |     o . o .. . .|
[   25.940483] cloud-init[950]: |    . = S = ... .|
[   25.981610] cloud-init[950]: |   . * + = +o. . |
[   26.041183] cloud-init[950]: | .  + o o..+.o.  |
[   26.103460] cloud-init[950]: |  oo..Eoo o o.   |
[   26.178945] cloud-init[950]: | ..++  ...       |
[   26.237636] cloud-init[950]: +----[SHA256]-----+
[   26.314159] [cloud-init[0;32m  OK  [0m[950]: Generating public/private dsa key pair.] Started Pollinate to seed the pseudo random number generator.
         Starting OpenBSD Secure Shell server...

[   26.449790] cloud-init[950]: Your identification has been saved in /etc/ssh/ssh_host_dsa_key.
[   26.525981] cloud-init[[0;32m  OK  [0m] [950]: Started OpenBSD Secure Shell server.Your public key has been saved in /etc/ssh/ssh_host_dsa_key.pub.

[   26.590185] cloud-init[950]: The key fingerprint is:
[   26.646220] cloud-init[950]: SHA256:u5d5ZF7mxtb0pw/uElAGkZ229ia7zFblMZ8FIMmq5T0 root@ubuntu-xenial
[   26.693145] cloud-init[950]: The key's randomart image is:
[   26.727848] cloud-init[950]: +---[DSA 1024]----+
[   26.760520] cloud-init[950]: |         .+*.o   |
[   26.801938] cloud-init[950]: |          +.* .  |
[[0;32m  OK  [0m] Created slice User Slice of vagrant.[   26.852877] cloud-init
[950]: |         . + . . |         Starting User Manager for UID 1000...

[[0;32m  OK  [0m] Started Session 1 of user vagrant.[   26.917081] cloud-init
[950]: |        o . o  oo|
[[0;32m  OK  [0m[   26.964365] cloud-init[950]: ] Started User Manager for UID 1000.
|       +S. o . o*|[[0;32m  OK  [0m] Started Snap Daemon.

         [   27.019360] cloud-init[950]: Starting Wait until snapd is fully seeded...
|      . ..E = *.+|
[   27.097861] cloud-init[950]: |        .  B @.o.|
[   27.197115] cloud-init[950]: |         .+o*.=.+|
[   27.294959] cloud-init[950]: |        .. o+*+oo|
[   27.385248] cloud-init[950]: +----[SHA256]-----+
[   27.459056] cloud-init[950]: Generating public/private ecdsa key pair.
[   27.545677] cloud-init[950]: Your identification has been saved in /etc/ssh/ssh_host_ecdsa_key.
[   27.621479] cloud-init[950]: Your public key has been saved in /etc/ssh/ssh_host_ecdsa_key.pub.
[   27.687231] cloud-init[950]: The key fingerprint is:
[   27.747616] cloud-init[950]: SHA256:MelmveE8bYNmlitgUblAlU8EVHgwv62WNOIhJkFLJH4 root@ubuntu-xenial
[   27.809713] cloud-init[950]: The key's randomart image is:
[   27.877327] cloud-init[950]: +---[ECDSA 256]---+
[   27.929663] cloud-init[950]: |  ..+..o*Oo      |
[   27.982297] cloud-init[950]: | . + .. =+o      |
[   28.043839] cloud-init[950]: |  . E  o+=.      |
[   28.105553] cloud-init[950]: |   . ....+.o     |
[   28.167605] cloud-init[950]: |    . o.S * .    |
[   28.257933] cloud-init[950]: |     oo= * X     |
[   28.295344] cloud-init[950]: |     . .. # +    |
[   28.365276] cloud-init[950]: |        .= + .   |
[   28.424791] cloud-init[950]: |         ..      |
[   28.481626] cloud-init[950]: +----[SHA256]-----+
[   28.521829] cloud-init[950]: Generating public/private ed25519 key pair.
[   28.580741] cloud-init[950]: Your identification has been saved in /etc/ssh/ssh_host_ed25519_key.
[   28.656766] cloud-init[950]: Your public key has been saved in /etc/ssh/ssh_host_ed25519_key.pub.
[   28.739709] cloud-init[950]: The key fingerprint is:
[   28.809696] cloud-init[950]: SHA256:UzNguKVjV4mkSwttplGydDCbcaXYxHtZIICfWMJpzFQ root@ubuntu-xenial
[   28.864568] cloud-init[950]: The key's randomart image is:
[   28.929474] cloud-init[950]: +--[ED25519 256]--+
[   28.971394] cloud-init[950]: | =.+E+*+*o .     |
[   29.031611] cloud-init[950]: |  O../o=o.+      |
[   29.098659] cloud-init[950]: | . =B.O= ++      |
[   29.166476] cloud-init[950]: |  . oB*o+. o     |
[   29.228400] cloud-init[950]: |    ..o+S        |
[   29.252736] cloud-init[950]: |         .       |
[   29.309373] cloud-init[950]: |                 |
[   29.364045] cloud-init[950]: |                 |
[   29.424285] cloud-init[950]: |                 |
[   29.461218] cloud-init[950]: +----[SHA256]-----+

Ubuntu 16.04.7 LTS ubuntu-xenial ttyS0

ubuntu-xenial login: [   32.909047] cloud-init[1425]: Generating locales (this might take a while)...
[   36.125798] cloud-init[1425]:   en_US.UTF-8... done
[   36.141863] cloud-init[1425]: Generation complete.
[   36.995677] cloud-init[1425]: Cloud-init v. 21.1-19-gbad84ad4-0ubuntu1~16.04.2 running 'modules:config' at Sat, 05 Nov 2022 14:50:11 +0000. Up 32.48 seconds.
ci-info: no authorized SSH keys fingerprints found for user ubuntu.
<14>Nov  5 14:50:17 ec2: 
<14>Nov  5 14:50:17 ec2: #############################################################
<14>Nov  5 14:50:17 ec2: -----BEGIN SSH HOST KEY FINGERPRINTS-----
<14>Nov  5 14:50:17 ec2: 1024 SHA256:u5d5ZF7mxtb0pw/uElAGkZ229ia7zFblMZ8FIMmq5T0 root@ubuntu-xenial (DSA)
<14>Nov  5 14:50:17 ec2: 256 SHA256:MelmveE8bYNmlitgUblAlU8EVHgwv62WNOIhJkFLJH4 root@ubuntu-xenial (ECDSA)
<14>Nov  5 14:50:17 ec2: 256 SHA256:UzNguKVjV4mkSwttplGydDCbcaXYxHtZIICfWMJpzFQ root@ubuntu-xenial (ED25519)
<14>Nov  5 14:50:17 ec2: 2048 SHA256:4w5Ypq1swv5EFUX0zBT+CvKBFLb9w/ZHF1zouLOMKSk root@ubuntu-xenial (RSA)
<14>Nov  5 14:50:17 ec2: -----END SSH HOST KEY FINGERPRINTS-----
<14>Nov  5 14:50:17 ec2: #############################################################
-----BEGIN SSH HOST KEY KEYS-----
ecdsa-sha2-nistp256 AAAAE2VjZHNhLXNoYTItbmlzdHAyNTYAAAAIbmlzdHAyNTYAAABBBMoZa1lB8uXUHgPT+SU6LVfWNKijkbUgVwuGkipPqhwW8U/UGmAf8wsmS2LMi3k3u9tAPfoAAXspFVbayrkUqp4= root@ubuntu-xenial
ssh-ed25519 AAAAC3NzaC1lZDI1NTE5AAAAIM7c0O0dqF0+7WFs2l+BHHJYLCfOuF8Fma1ut4hkoseM root@ubuntu-xenial
ssh-rsa AAAAB3NzaC1yc2EAAAADAQABAAABAQC1jmTlHP8y6gfMzTkz1DOSeSnzcZMm5wKkZ/Sqgh2qtdCPYU4t1wCZul+J49fxf4LziFs/uiQvMMIZDDG6zAGE7uBKFbfvX+PIg01XSKzkr9Fkk17+gY0TcHXSkpJ94eR1IyAW4jaKGxqMXKri+KMkN2spGJJpsD3/T1kXXB+OuHlbrNU6uxtB1Si5CygfEnUXVFqcVQB1zSqaf6tcJkb0AGz10Q4Z3DzmWJfDpyOJoH2oQB8LiMgRw+pSBwp3LqJxdrVZ8wLOmf4cF3G/u69QFJcmqrkfHa1amYCGosGLF2yQ/GhDcuhoQ/706X41g7ixTGPNPdAMsFCgc61imO+v root@ubuntu-xenial
-----END SSH HOST KEY KEYS-----
[   38.470288] cloud-init[1591]: Cloud-init v. 21.1-19-gbad84ad4-0ubuntu1~16.04.2 running 'modules:final' at Sat, 05 Nov 2022 14:50:17 +0000. Up 38.05 seconds.
[   38.509773] cloud-init[1591]: ci-info: no authorized SSH keys fingerprints found for user ubuntu.
[   38.520176] cloud-init[1591]: Cloud-init v. 21.1-19-gbad84ad4-0ubuntu1~16.04.2 finished at Sat, 05 Nov 2022 14:50:17 +0000. Datasource DataSourceNoCloud [seed=/dev/sdb][dsmode=net].  Up 38.46 seconds
